
[18-Jun-2026 03:01:54 UTC] 
[2026-06-18 03:01:54] ====== 开始执行清理订单脚本 ======
[18-Jun-2026 03:01:54 UTC] [2026-06-18 03:01:54] 数据库连接正常
[18-Jun-2026 03:01:54 UTC] [2026-06-18 03:01:54] orders表结构验证通过
[18-Jun-2026 03:01:54 UTC] [2026-06-18 03:01:54] 开始执行订单清理...
[18-Jun-2026 03:01:54 UTC] [2026-06-18 03:01:54] 没有需要清理的超时订单
[18-Jun-2026 03:01:54 UTC] [2026-06-18 03:01:54] 订单清理执行完成
[18-Jun-2026 03:05:09 UTC] 
[2026-06-18 03:05:09] ====== 开始执行清理订单脚本 ======
[18-Jun-2026 03:05:09 UTC] [2026-06-18 03:05:09] 数据库连接正常
[18-Jun-2026 03:05:09 UTC] [2026-06-18 03:05:09] orders表结构验证通过
[18-Jun-2026 03:05:09 UTC] [2026-06-18 03:05:09] 开始执行订单清理...
[18-Jun-2026 03:05:09 UTC] [2026-06-18 03:05:09] 没有需要清理的超时订单
[18-Jun-2026 03:05:09 UTC] [2026-06-18 03:05:09] 订单清理执行完成
[18-Jun-2026 03:05:09 UTC] 未找到启用的Telegram配置
[18-Jun-2026 03:05:09 UTC] WxPusher下单通知发送失败或未启用
[18-Jun-2026 03:05:10 UTC] PHP Deprecated:  Function curl_close() is deprecated since 8.5, as it has no effect since PHP 8.0 in /Users/ajie/Desktop/我的开源项目/ajie-shop/order.php on line 300
[18-Jun-2026 03:06:47 UTC] 
[2026-06-18 03:06:47] ====== 开始执行清理订单脚本 ======
[18-Jun-2026 03:06:47 UTC] [2026-06-18 03:06:47] 数据库连接正常
[18-Jun-2026 03:06:47 UTC] [2026-06-18 03:06:47] orders表结构验证通过
[18-Jun-2026 03:06:47 UTC] [2026-06-18 03:06:47] 开始执行订单清理...
[18-Jun-2026 03:06:47 UTC] [2026-06-18 03:06:47] 没有需要清理的超时订单
[18-Jun-2026 03:06:47 UTC] [2026-06-18 03:06:47] 订单清理执行完成
[18-Jun-2026 03:06:47 UTC] 未找到启用的Telegram配置
[18-Jun-2026 03:06:47 UTC] WxPusher下单通知发送失败或未启用
[18-Jun-2026 03:08:44 UTC] 
[2026-06-18 03:08:44] ====== 开始执行清理订单脚本 ======
[18-Jun-2026 03:08:44 UTC] [2026-06-18 03:08:44] 数据库连接正常
[18-Jun-2026 03:08:44 UTC] [2026-06-18 03:08:44] orders表结构验证通过
[18-Jun-2026 03:08:44 UTC] [2026-06-18 03:08:44] 开始执行订单清理...
[18-Jun-2026 03:08:44 UTC] [2026-06-18 03:08:44] 没有需要清理的超时订单
[18-Jun-2026 03:08:44 UTC] [2026-06-18 03:08:44] 订单清理执行完成
[18-Jun-2026 03:08:44 UTC] 未找到启用的Telegram配置
[18-Jun-2026 03:08:44 UTC] WxPusher下单通知发送失败或未启用
[18-Jun-2026 03:08:48 UTC] 
[2026-06-18 03:08:48] ====== 开始执行清理订单脚本 ======
[18-Jun-2026 03:08:48 UTC] [2026-06-18 03:08:48] 数据库连接正常
[18-Jun-2026 03:08:48 UTC] [2026-06-18 03:08:48] orders表结构验证通过
[18-Jun-2026 03:08:48 UTC] [2026-06-18 03:08:48] 开始执行订单清理...
[18-Jun-2026 03:08:48 UTC] [2026-06-18 03:08:48] 没有需要清理的超时订单
[18-Jun-2026 03:08:48 UTC] [2026-06-18 03:08:48] 订单清理执行完成
[18-Jun-2026 03:08:48 UTC] [2026-06-18 03:08:48] IP: ::1 提交过于频繁（60秒内）
[18-Jun-2026 03:11:21 UTC] 
[2026-06-18 03:11:21] ====== 开始执行清理订单脚本 ======
[18-Jun-2026 03:11:21 UTC] [2026-06-18 03:11:21] 数据库连接正常
[18-Jun-2026 03:11:21 UTC] [2026-06-18 03:11:21] orders表结构验证通过
[18-Jun-2026 03:11:21 UTC] [2026-06-18 03:11:21] 开始执行订单清理...
[18-Jun-2026 03:11:21 UTC] [2026-06-18 03:11:21] 没有需要清理的超时订单
[18-Jun-2026 03:11:21 UTC] [2026-06-18 03:11:21] 订单清理执行完成
[18-Jun-2026 03:11:21 UTC] PHP Warning:  Undefined array key "enabled" in /Users/ajie/Desktop/我的开源项目/ajie-shop/choose_pay.php on line 14
